<?xml version="1.0" encoding="UTF-8"?>
<!-- Generated by org.testng.reporters.JUnitReportReporter -->
<testsuite hostname="roshinis-air-2" name="Test_Amazon.Example_Testng" tests="2" failures="0" timestamp="19 Jun 2018 04:00:17 GMT" time="0.011" errors="0">
  <testcase name="m6" time="0.009" classname="Test_Amazon.Example_Testng"/>
  <testcase name="m1" time="0.002" classname="Test_Amazon.Example_Testng"/>
</testsuite> <!-- Test_Amazon.Example_Testng -->
